c:\oop_projects\librarysystemdemo\librarysystemdemo\x64\debug\vc143.pdb
c:\oop_projects\librarysystemdemo\librarysystemdemo\x64\debug\vc143.idb
c:\oop_projects\librarysystemdemo\librarysystemdemo\x64\debug\mian.obj
c:\oop_projects\librarysystemdemo\librarysystemdemo\x64\debug\clsupdateauthorscreen.obj
c:\oop_projects\librarysystemdemo\librarysystemdemo\x64\debug\clsstring.obj
c:\oop_projects\librarysystemdemo\librarysystemdemo\x64\debug\clsshowallauthors.obj
c:\oop_projects\librarysystemdemo\librarysystemdemo\x64\debug\clsscreen.obj
c:\oop_projects\librarysystemdemo\librarysystemdemo\x64\debug\clsdeleteauthorscreen.obj
c:\oop_projects\librarysystemdemo\librarysystemdemo\x64\debug\clsbook.obj
c:\oop_projects\librarysystemdemo\librarysystemdemo\x64\debug\clsauthor.obj
c:\oop_projects\librarysystemdemo\librarysystemdemo\x64\debug\clsaddnewbookscreen.obj
c:\oop_projects\librarysystemdemo\librarysystemdemo\x64\debug\clasaddnewauthorscreen.obj
c:\oop_projects\librarysystemdemo\x64\debug\librarysystemdemo.exe
c:\oop_projects\librarysystemdemo\x64\debug\librarysystemdemo.pdb
c:\oop_projects\librarysystemdemo\librarysystemdemo\x64\debug\librarysystemdemo.ilk
c:\oop_projects\librarysystemdemo\librarysystemdemo\x64\debug\librarys.5d20a1df.tlog\cl.command.1.tlog
c:\oop_projects\librarysystemdemo\librarysystemdemo\x64\debug\librarys.5d20a1df.tlog\cl.items.tlog
c:\oop_projects\librarysystemdemo\librarysystemdemo\x64\debug\librarys.5d20a1df.tlog\cl.read.1.tlog
c:\oop_projects\librarysystemdemo\librarysystemdemo\x64\debug\librarys.5d20a1df.tlog\cl.write.1.tlog
c:\oop_projects\librarysystemdemo\librarysystemdemo\x64\debug\librarys.5d20a1df.tlog\link.command.1.tlog
c:\oop_projects\librarysystemdemo\librarysystemdemo\x64\debug\librarys.5d20a1df.tlog\link.read.1.tlog
c:\oop_projects\librarysystemdemo\librarysystemdemo\x64\debug\librarys.5d20a1df.tlog\link.secondary.1.tlog
c:\oop_projects\librarysystemdemo\librarysystemdemo\x64\debug\librarys.5d20a1df.tlog\link.write.1.tlog
