  clasAddNewAuthorScreen.cpp
C:\OOP_Projects\LibrarySystemDemo\LibrarySystemDemo\clsString.cpp(15,9): warning C4984: 'if constexpr' is a C++17 language extension
  (compiling source file 'clasAddNewAuthorScreen.cpp')
      C:\OOP_Projects\LibrarySystemDemo\LibrarySystemDemo\clsString.cpp(12,14):
      This diagnostic occurred in the compiler generated function 'T clsString::readData(void)'
  
  clsAddNewBookScreen.cpp
C:\OOP_Projects\LibrarySystemDemo\LibrarySystemDemo\clsBook.cpp(39,32): warning C4267: '=': conversion from 'size_t' to 'int', possible loss of data
  (compiling source file 'clsAddNewBookScreen.cpp')
  
C:\OOP_Projects\LibrarySystemDemo\LibrarySystemDemo\clsBook.cpp(49,38): warning C4267: '=': conversion from 'size_t' to 'int', possible loss of data
  (compiling source file 'clsAddNewBookScreen.cpp')
  
C:\OOP_Projects\LibrarySystemDemo\LibrarySystemDemo\clsString.cpp(15,9): warning C4984: 'if constexpr' is a C++17 language extension
  (compiling source file 'clsAddNewBookScreen.cpp')
      C:\OOP_Projects\LibrarySystemDemo\LibrarySystemDemo\clsString.cpp(12,14):
      This diagnostic occurred in the compiler generated function 'T clsString::readData(void)'
  
  clsAuthor.cpp
  clsBook.cpp
C:\OOP_Projects\LibrarySystemDemo\LibrarySystemDemo\clsBook.cpp(39,32): warning C4267: '=': conversion from 'size_t' to 'int', possible loss of data
C:\OOP_Projects\LibrarySystemDemo\LibrarySystemDemo\clsBook.cpp(49,38): warning C4267: '=': conversion from 'size_t' to 'int', possible loss of data
  clsDeleteAuthorScreen.cpp
C:\OOP_Projects\LibrarySystemDemo\LibrarySystemDemo\clsDeleteAuthorScreen.cpp(13,9): warning C4984: 'if constexpr' is a C++17 language extension
      C:\OOP_Projects\LibrarySystemDemo\LibrarySystemDemo\clsDeleteAuthorScreen.cpp(10,14):
      This diagnostic occurred in the compiler generated function 'T clasDeletedAuthorScreen::readData(void)'
  
  clsScreen.cpp
  clsShowAllAuthors.cpp
  clsString.cpp
C:\OOP_Projects\LibrarySystemDemo\LibrarySystemDemo\clsString.cpp(15,9): warning C4984: 'if constexpr' is a C++17 language extension
      C:\OOP_Projects\LibrarySystemDemo\LibrarySystemDemo\clsString.cpp(12,14):
      This diagnostic occurred in the compiler generated function 'T clsString::readData(void)'
  
  clsUpdateAuthorScreen.cpp
C:\OOP_Projects\LibrarySystemDemo\LibrarySystemDemo\clsUpdateAuthorScreen.cpp(13,9): warning C4984: 'if constexpr' is a C++17 language extension
      C:\OOP_Projects\LibrarySystemDemo\LibrarySystemDemo\clsUpdateAuthorScreen.cpp(10,14):
      This diagnostic occurred in the compiler generated function 'T clasUpdateAuthorScreen::readData(void)'
  
  mian.cpp
C:\OOP_Projects\LibrarySystemDemo\LibrarySystemDemo\clsBook.cpp(39,32): warning C4267: '=': conversion from 'size_t' to 'int', possible loss of data
  (compiling source file 'mian.cpp')
  
C:\OOP_Projects\LibrarySystemDemo\LibrarySystemDemo\clsBook.cpp(49,38): warning C4267: '=': conversion from 'size_t' to 'int', possible loss of data
  (compiling source file 'mian.cpp')
  
C:\OOP_Projects\LibrarySystemDemo\LibrarySystemDemo\clsString.cpp(15,9): warning C4984: 'if constexpr' is a C++17 language extension
  (compiling source file 'mian.cpp')
      C:\OOP_Projects\LibrarySystemDemo\LibrarySystemDemo\clsString.cpp(12,14):
      This diagnostic occurred in the compiler generated function 'T clsString::readData(void)'
  
  Generating Code...
C:\OOP_Projects\LibrarySystemDemo\LibrarySystemDemo\clsAuthor.cpp(285,1): warning C4715: 'clsAuthor::Save': not all control paths return a value
  LibrarySystemDemo.vcxproj -> C:\OOP_Projects\LibrarySystemDemo\x64\Debug\LibrarySystemDemo.exe
